<?xml version="1.0" encoding="UTF-8"?>
<!-- Generated by org.testng.reporters.JUnitReportReporter -->
<testsuite hostname="DESKTOP-53IATN3" failures="0" tests="1" name="com.hrms.testscripts.TC001" time="25.264" errors="0" timestamp="17 Jul 2021 12:11:28 GMT">
  <testcase classname="com.hrms.testscripts.TC001" name="tc001" time="25.264"/>
</testsuite> <!-- com.hrms.testscripts.TC001 -->
