<?xml version="1.0" encoding="UTF-8"?>
<!-- Generated by org.testng.reporters.JUnitReportReporter -->
<testsuite hostname="DESKTOP-53IATN3" failures="0" tests="1" name="com.hrms.testscripts.TC002" time="11.813" errors="0" timestamp="24 Jun 2021 05:18:41 GMT">
  <testcase classname="com.hrms.testscripts.TC002" name="tc002" time="11.813"/>
</testsuite> <!-- com.hrms.testscripts.TC002 -->
